
Endogenous price:
True

Run legends:
{
    "r01-baseline": "A: SS Baseline, PF",
    "r02-ptc-perm": "omit",
    "r03-itc-perm": "B: Permanent",
    "r04-ptc-decay": "C: PTC, repeal risk",
    "r05-itc-decay": "D: ITC, repeal risk",
    "r06-ptc-temp": "E: PTC, temporary",
    "r07-itc-temp": "F: ITC, temporary",
    "r08-ptc-delayed": "G: PTC at 4, 100%",
    "r10-ptc-delayed-50": "H: PTC at 4, 50%",
    "r11-ptc-delayed-inert": "I: PTC at 4, 0%",
    "r09-itc-delayed": "J: ITC at 4",
    "r12-ptc-temp-50inert": "K: PTC, temporary, 50%",
    "r13-itc-temp-50inert": "L: ITC, temporary, 50%",
    "r14-tech": "M: Tech exp at 10, 100%",
    "r15-tech-50inert": "N: Tech exp at 10, 50%",
    "r16-tech-roll": "P: Tech surprise at 10",
    "r17-baseline-notss": "Q: Non-SS Baseline, PF",
    "r18-baseline-notss": "R: Non-SS Baseline, IE",
    "r19-ptc-temp": "S: PTC, temporary, IE",
    "r20-baseline-notss": "T: Non-SS Baseline, IE5",
    "r21-baseline-notss": "U: Non-SS Baseline, IE1",
    "r22-baseline-notss": "V: Non-SS Baseline, IE2",
    "r23-baseline-notss": "W: Non-SS Baseline, IE3",
    "r24-baseline-notss": "X: Non-SS Baseline, IE4",
    "r25-baseline-notss": "Y: Non-SS Baseline, IE5",
    "r26-baseline-notss": "Z: Non-SS Baseline, IE6"
}

Last year:
20

Show titles:
0

Roll:
{
    "r16": {
        "base": "r01-baseline",
        "year": 10
    },
    "r17": {
        "base": "r01-baseline",
        "year": 0,
        "cap0": 10
    },
    "r18": {
        "base": "r01-baseline",
        "year": 0,
        "cap0": 10
    },
    "r20": {
        "base": "r18-baseline-notss",
        "year": 5
    },
    "r21": {
        "base": "r18-baseline-notss",
        "year": 1
    },
    "r22": {
        "base": "r21-baseline-notss",
        "year": 2
    },
    "r23": {
        "base": "r22-baseline-notss",
        "year": 3
    },
    "r24": {
        "base": "r23-baseline-notss",
        "year": 4
    },
    "r25": {
        "base": "r24-baseline-notss",
        "year": 5
    },
    "r26": {
        "base": "r25-baseline-notss",
        "year": 6
    }
}

Run files found:
[
    "r01-baseline.csv",
    "r02-ptc-perm.csv",
    "r03-itc-perm.csv",
    "r04-ptc-decay.csv",
    "r05-itc-decay.csv",
    "r06-ptc-temp.csv",
    "r07-itc-temp.csv",
    "r08-ptc-delayed.csv",
    "r09-itc-delayed.csv",
    "r10-ptc-delayed-50.csv",
    "r11-ptc-delayed-inert.csv",
    "r12-ptc-temp-50inert.csv",
    "r13-itc-temp-50inert.csv",
    "r14-tech.csv",
    "r15-tech-50inert.csv",
    "r16-tech-roll.csv",
    "r17-baseline-notss.csv",
    "r18-baseline-notss.csv",
    "r19-ptc-temp.csv",
    "r20-baseline-notss.csv",
    "r21-baseline-notss.csv",
    "r22-baseline-notss.csv",
    "r23-baseline-notss.csv",
    "r24-baseline-notss.csv",
    "r25-baseline-notss.csv",
    "r26-baseline-notss.csv"
]

Group 1 Figure:
Immediate Permanent Policies with Repeal Risk

Summary:
                       lam           inv         cap       
period                 0      100    0      100  0      100
legend                                                     
A: SS Baseline, PF   15.00  15.00   0.00   0.00  0.0   0.00
B: Permanent         13.90  13.03  40.96  23.55  0.0  23.55
C: PTC, repeal risk  16.04  15.00  20.82   0.05  0.0   0.09
D: ITC, repeal risk  14.08  14.98  44.69   0.03  0.0   0.17

Group 1 Figure:
Immediate Permanent Policies with Repeal Risk

Summary:
                       lam           inv         cap       
period                 0      100    0      100  0      100
legend                                                     
A: SS Baseline, PF   15.00  15.00   0.00   0.00  0.0   0.00
B: Permanent         13.90  13.03  40.96  23.55  0.0  23.55
C: PTC, repeal risk  16.04  15.00  20.82   0.05  0.0   0.09
D: ITC, repeal risk  14.08  14.98  44.69   0.03  0.0   0.17

Group 2 Figure:
Delayed Permanent Policies with Varying Credibility

Summary:
                     lam           inv         cap       
period               0      100    0      100  0      100
legend                                                   
G: PTC at 4, 100%  15.53  15.67  10.63  13.35  0.0  13.35
H: PTC at 4, 50%   15.27  15.33   5.33   6.67  0.0   6.67
I: PTC at 4, 0%    15.00  15.00   0.00   0.00  0.0   0.00
J: ITC at 4        14.53  13.03  -9.43  23.55  0.0  23.55

Group 2 Figure:
Delayed Permanent Policies with Varying Credibility

Summary:
                     lam           inv         cap       
period               0      100    0      100  0      100
legend                                                   
G: PTC at 4, 100%  15.53  15.67  10.63  13.35  0.0  13.35
H: PTC at 4, 50%   15.27  15.33   5.33   6.67  0.0   6.67
I: PTC at 4, 0%    15.00  15.00   0.00   0.00  0.0   0.00
J: ITC at 4        14.53  13.03  -9.43  23.55  0.0  23.55

Group 3 Figure:
Temporary Policies with Continuation Risk

Summary:
                          lam           inv         cap       
period                    0      100    0      100  0      100
legend                                                        
E: PTC, temporary       15.73  15.00  14.60  -0.00  0.0   0.00
F: ITC, temporary       14.37  15.00  50.32  -0.00  0.0   0.00
K: PTC, temporary, 50%  15.99  15.33  19.87   6.67  0.0   6.67
L: ITC, temporary, 50%  14.13  13.98  45.51  11.13  0.0  11.13

Group 3 Figure:
Temporary Policies with Continuation Risk

Summary:
                          lam           inv         cap       
period                    0      100    0      100  0      100
legend                                                        
E: PTC, temporary       15.73  15.00  14.60  -0.00  0.0   0.00
F: ITC, temporary       14.37  15.00  50.32  -0.00  0.0   0.00
K: PTC, temporary, 50%  15.99  15.33  19.87   6.67  0.0   6.67
L: ITC, temporary, 50%  14.13  13.98  45.51  11.13  0.0  11.13

Group 4 Figure:
Delayed Technology Decline

Summary:
                           lam          inv        cap      
period                     0      100   0     100  0     100
legend                                                      
A: SS Baseline, PF       15.00  15.00  0.00  0.00  0.0  0.00
M: Tech exp at 10, 100%  14.92  14.66 -1.52 -6.83  0.0 -6.83
N: Tech exp at 10, 50%   14.96  14.83 -0.75 -3.37  0.0 -3.37
P: Tech surprise at 10   15.00  14.66  0.00 -6.83  0.0 -6.83

Group 4 Figure:
Delayed Technology Decline

Summary:
                           lam          inv        cap      
period                     0      100   0     100  0     100
legend                                                      
A: SS Baseline, PF       15.00  15.00  0.00  0.00  0.0  0.00
M: Tech exp at 10, 100%  14.92  14.66 -1.52 -6.83  0.0 -6.83
N: Tech exp at 10, 50%   14.96  14.83 -0.75 -3.37  0.0 -3.37
P: Tech surprise at 10   15.00  14.66  0.00 -6.83  0.0 -6.83

Group 5 Figure:
Alternative Baselines

Summary:
                         lam          inv        cap     
period                   0     100    0    100   0    100
legend                                                   
A: SS Baseline, PF      15.0  15.0   0.00  0.0   0.0  0.0
Q: Non-SS Baseline, PF  19.0  15.0  79.91  0.0 -60.0 -0.0

Group 5 Figure:
Alternative Baselines

Summary:
                         lam          inv        cap     
period                   0     100    0    100   0    100
legend                                                   
A: SS Baseline, PF      15.0  15.0   0.00  0.0   0.0  0.0
Q: Non-SS Baseline, PF  19.0  15.0  79.91  0.0 -60.0 -0.0

Group 6 Figure:
Alternative Baselines

Summary:
                          lam            inv          cap       
period                    0      100     0      100   0      100
legend                                                          
A: SS Baseline, PF      15.00  15.00    0.00    0.0   0.0    0.0
Q: Non-SS Baseline, PF  19.00  15.00   79.91    0.0 -60.0   -0.0
R: Non-SS Baseline, IE  27.63  27.63  252.60  252.6 -60.0  252.6

Group 6 Figure:
Alternative Baselines

Summary:
                          lam            inv          cap       
period                    0      100     0      100   0      100
legend                                                          
A: SS Baseline, PF      15.00  15.00    0.00    0.0   0.0    0.0
Q: Non-SS Baseline, PF  19.00  15.00   79.91    0.0 -60.0   -0.0
R: Non-SS Baseline, IE  27.63  27.63  252.60  252.6 -60.0  252.6

Group 7 Figure:
Alternative Baselines

Summary:
                           lam            inv           cap        
period                     0      100     0       100   0       100
legend                                                             
A: SS Baseline, PF       15.00  15.00    0.00    0.00   0.0    0.00
Q: Non-SS Baseline, PF   19.00  15.00   79.91    0.00 -60.0   -0.00
R: Non-SS Baseline, IE   27.63  27.63  252.60  252.60 -60.0  252.60
T: Non-SS Baseline, IE5  27.63  10.61  252.60  -87.73 -60.0  -87.72

Group 7 Figure:
Alternative Baselines

Summary:
                           lam            inv           cap        
period                     0      100     0       100   0       100
legend                                                             
A: SS Baseline, PF       15.00  15.00    0.00    0.00   0.0    0.00
Q: Non-SS Baseline, PF   19.00  15.00   79.91    0.00 -60.0   -0.00
R: Non-SS Baseline, IE   27.63  27.63  252.60  252.60 -60.0  252.60
T: Non-SS Baseline, IE5  27.63  10.61  252.60  -87.73 -60.0  -87.72

Group 8 Figure:
Alternative Baselines

Summary:
                           lam            inv           cap        
period                     0      100     0       100   0       100
legend                                                             
A: SS Baseline, PF       15.00  15.00    0.00    0.00   0.0    0.00
Q: Non-SS Baseline, PF   19.00  15.00   79.91    0.00 -60.0   -0.00
R: Non-SS Baseline, IE   27.63  27.63  252.60  252.60 -60.0  252.60
U: Non-SS Baseline, IE1  27.63  18.80  252.60   76.03 -60.0   76.03
V: Non-SS Baseline, IE2  27.63  17.16  252.60   43.17 -60.0   43.17
W: Non-SS Baseline, IE3  27.63  16.35  252.60   26.98 -60.0   26.98
X: Non-SS Baseline, IE4  27.63  15.88  252.60   17.63 -60.0   17.63
Y: Non-SS Baseline, IE5  27.63  15.59  252.60   11.81 -60.0   11.80
Z: Non-SS Baseline, IE6  27.63  15.40  252.60    8.02 -60.0    8.02

Group 8 Figure:
Alternative Baselines

Summary:
                           lam            inv           cap        
period                     0      100     0       100   0       100
legend                                                             
A: SS Baseline, PF       15.00  15.00    0.00    0.00   0.0    0.00
Q: Non-SS Baseline, PF   19.00  15.00   79.91    0.00 -60.0   -0.00
R: Non-SS Baseline, IE   27.63  27.63  252.60  252.60 -60.0  252.60
U: Non-SS Baseline, IE1  27.63  18.80  252.60   76.03 -60.0   76.03
V: Non-SS Baseline, IE2  27.63  17.16  252.60   43.17 -60.0   43.17
W: Non-SS Baseline, IE3  27.63  16.35  252.60   26.98 -60.0   26.98
X: Non-SS Baseline, IE4  27.63  15.88  252.60   17.63 -60.0   17.63
Y: Non-SS Baseline, IE5  27.63  15.59  252.60   11.81 -60.0   11.80
Z: Non-SS Baseline, IE6  27.63  15.40  252.60    8.02 -60.0    8.02

Group 9 Figure:
Temporary Policies with Continuation Risk

Summary:
                         lam           inv         cap       
period                   0      100    0      100  0      100
legend                                                       
E: PTC, temporary      15.73  15.00  14.60  -0.00  0.0   0.00
S: PTC, temporary, IE  15.34  14.08   6.85 -18.47  0.0 -18.47

Group 9 Figure:
Temporary Policies with Continuation Risk

Summary:
                         lam           inv         cap       
period                   0      100    0      100  0      100
legend                                                       
E: PTC, temporary      15.73  15.00  14.60  -0.00  0.0   0.00
S: PTC, temporary, IE  15.34  14.08   6.85 -18.47  0.0 -18.47
